<?xml version="1.0" encoding="UTF-8" ?>
<testsuite failures="0" time="0.085" errors="0" skipped="0" tests="4" name="belajar.string.StringDemoTest">
  <properties>
[...]
</properties>
  <testcase time="0.003" classname="belajar.string.StringDemoTest" name="bandingkanString"/>
  <testcase time="0.001" classname="belajar.string.StringDemoTest" name="awalanString"/>
  <testcase time="0.002" classname="belajar.string.StringDemoTest" name="testPanjangString"/>
  <testcase time="0.001" classname="belajar.string.StringDemoTest" name="testGantiString"/>
</testsuite>